\BOOKMARK [1][-]{section.1}{Introduction}{}% 1
\BOOKMARK [2][-]{subsection.1.1}{The Problem}{section.1}% 2
\BOOKMARK [2][-]{subsection.1.2}{Background and History}{section.1}% 3
\BOOKMARK [2][-]{subsection.1.3}{Aim}{section.1}% 4
\BOOKMARK [2][-]{subsection.1.4}{Objective}{section.1}% 5
\BOOKMARK [1][-]{section.2}{Analysis and Algorithm}{}% 6
\BOOKMARK [2][-]{subsection.2.1}{Problem analysis}{section.2}% 7
\BOOKMARK [2][-]{subsection.2.2}{Backtracking Algorithm}{section.2}% 8
\BOOKMARK [1][-]{section.3}{Theoretical Analysis}{}% 9
\BOOKMARK [2][-]{subsection.3.1}{Complexity}{section.3}% 10
\BOOKMARK [3][-]{subsubsection.3.1.1}{Best and worst cases}{subsection.3.1}% 11
\BOOKMARK [2][-]{subsection.3.2}{Time complexity}{section.3}% 12
\BOOKMARK [2][-]{subsection.3.3}{Optimality}{section.3}% 13
\BOOKMARK [2][-]{subsection.3.4}{Clarity and Completeness}{section.3}% 14
\BOOKMARK [1][-]{section.4}{Experimental Methodology}{}% 15
\BOOKMARK [2][-]{subsection.4.1}{Implementation}{section.4}% 16
\BOOKMARK [1][-]{section.5}{Implementation: Trial}{}% 17
\BOOKMARK [1][-]{section.6}{Results}{}% 18
\BOOKMARK [2][-]{subsection.6.1}{Presentation of results}{section.6}% 19
\BOOKMARK [2][-]{subsection.6.2}{Interpretation of results}{section.6}% 20
\BOOKMARK [1][-]{section.7}{Theoretical analysis relation to experimental analysis}{}% 21
\BOOKMARK [1][-]{section.8}{Conclusion}{}% 22
\BOOKMARK [1][-]{section.9}{Glossary}{}% 23
\BOOKMARK [1][-]{section.10}{Appendix}{}% 24
\BOOKMARK [2][-]{subsection.10.1}{Data set}{section.10}% 25
\BOOKMARK [3][-]{subsubsection.10.1.1}{Sample input}{subsection.10.1}% 26
\BOOKMARK [2][-]{subsection.10.2}{Results}{section.10}% 27
\BOOKMARK [3][-]{subsubsection.10.2.1}{Sample :Input board, resulting output board and time taken to solve}{subsection.10.2}% 28
\BOOKMARK [1][-]{section.11}{References}{}% 29
\BOOKMARK [1][-]{section.12}{Acknowledgments}{}% 30
\BOOKMARK [1][-]{section.13}{Group contribution}{}% 31
